{"/Users/gerald.ssali/Desktop/projects_web/Refactory Application/Bootcamp 004/lintTry/app.js": {"path":"/Users/gerald.ssali/Desktop/projects_web/Refactory Application/Bootcamp 004/lintTry/app.js","statementMap":{"0":{"start":{"line":2,"column":1},"end":{"line":2,"column":14}},"1":{"start":{"line":4,"column":0},"end":{"line":4,"column":10}},"2":{"start":{"line":5,"column":0},"end":{"line":5,"column":21}}},"fnMap":{"0":{"name":"sum","decl":{"start":{"line":1,"column":9},"end":{"line":1,"column":12}},"loc":{"start":{"line":1,"column":19},"end":{"line":3,"column":1}},"line":1}},"branchMap":{},"s":{"0":2,"1":1,"2":1},"f":{"0":2},"b":{},"_coverageSchema":"1a1c01bbd47fc00a2c39e90264f33305004495a9","hash":"604773473071b49aace1ef24779e3a71862ea074"}
}
